<?xml version="1.0" encoding="UTF-8"?>
<!-- Generated by org.testng.reporters.JUnitReportReporter -->
<testsuite hostname="SameerJ" failures="0" tests="1" name="com.inetbanking.runner.TestRunnerLogin" time="9.739" errors="0" timestamp="2021-08-27T12:24:21 IST" skipped="0">
  <testcase classname="com.inetbanking.runner.TestRunnerLogin" name="runScenario" time="9.739"/>
  <system-out/>
</testsuite> <!-- com.inetbanking.runner.TestRunnerLogin -->
