<?xml version="1.0" encoding="UTF-8"?>
<!-- Generated by org.testng.reporters.JUnitReportReporter -->
<testsuite hostname="SameerJ" failures="0" tests="1" name="com.inetbanking.runner.TestRunnerAddingCustomer" time="10.688" errors="0" timestamp="2021-08-27T11:40:07 IST" skipped="0">
  <testcase classname="com.inetbanking.runner.TestRunnerAddingCustomer" name="runScenario" time="10.688"/>
  <system-out/>
</testsuite> <!-- com.inetbanking.runner.TestRunnerAddingCustomer -->
